{"/home/Adat/Code/WebDev/React/Sorters/algos/bubble.js": {"path":"/home/Adat/Code/WebDev/React/Sorters/algos/bubble.js","statementMap":{"0":{"start":{"line":1,"column":14},"end":{"line":19,"column":1}}},"fnMap":{},"branchMap":{},"s":{"0":1},"f":{},"b":{},"_coverageSchema":"43e27e138ebf9cfc5966b082cf9a028302ed4184","hash":"bcb8c5a7df6fdd800adf611d7d3a89eeaee2de9d"}
,"/home/Adat/Code/WebDev/React/Sorters/algos/builtin.js": {"path":"/home/Adat/Code/WebDev/React/Sorters/algos/builtin.js","statementMap":{"0":{"start":{"line":1,"column":15},"end":{"line":4,"column":1}}},"fnMap":{},"branchMap":{},"s":{"0":1},"f":{},"b":{},"_coverageSchema":"43e27e138ebf9cfc5966b082cf9a028302ed4184","hash":"23f2cfba790f2d82d248b46ed6a75da4ffe16cf1"}
,"/home/Adat/Code/WebDev/React/Sorters/algos/count.js": {"path":"/home/Adat/Code/WebDev/React/Sorters/algos/count.js","statementMap":{"0":{"start":{"line":1,"column":14},"end":{"line":32,"column":1}}},"fnMap":{},"branchMap":{},"s":{"0":1},"f":{},"b":{},"_coverageSchema":"43e27e138ebf9cfc5966b082cf9a028302ed4184","hash":"1cbeb2ec76cecc8a699025bf2220c4f80fb479b6"}
,"/home/Adat/Code/WebDev/React/Sorters/algos/heap.js": {"path":"/home/Adat/Code/WebDev/React/Sorters/algos/heap.js","statementMap":{"0":{"start":{"line":1,"column":13},"end":{"line":33,"column":1}}},"fnMap":{},"branchMap":{},"s":{"0":1},"f":{},"b":{},"_coverageSchema":"43e27e138ebf9cfc5966b082cf9a028302ed4184","hash":"e681d8aaa51bfa72767a5a61c17857088de0e50e"}
,"/home/Adat/Code/WebDev/React/Sorters/algos/insertion.js": {"path":"/home/Adat/Code/WebDev/React/Sorters/algos/insertion.js","statementMap":{"0":{"start":{"line":1,"column":18},"end":{"line":16,"column":1}}},"fnMap":{},"branchMap":{},"s":{"0":1},"f":{},"b":{},"_coverageSchema":"43e27e138ebf9cfc5966b082cf9a028302ed4184","hash":"7d8763d6295dd264d0d6247c7882185306c96a6b"}
,"/home/Adat/Code/WebDev/React/Sorters/algos/merge.js": {"path":"/home/Adat/Code/WebDev/React/Sorters/algos/merge.js","statementMap":{"0":{"start":{"line":1,"column":13},"end":{"line":32,"column":1}}},"fnMap":{},"branchMap":{},"s":{"0":1},"f":{},"b":{},"_coverageSchema":"43e27e138ebf9cfc5966b082cf9a028302ed4184","hash":"c28153eb11950780ed27a0850da9be0c5b96779a"}
,"/home/Adat/Code/WebDev/React/Sorters/algos/quick.js": {"path":"/home/Adat/Code/WebDev/React/Sorters/algos/quick.js","statementMap":{"0":{"start":{"line":1,"column":13},"end":{"line":31,"column":1}}},"fnMap":{},"branchMap":{},"s":{"0":1},"f":{},"b":{},"_coverageSchema":"43e27e138ebf9cfc5966b082cf9a028302ed4184","hash":"ba545dd7e3cbb33309bfb33d36d58fe19d02700f"}
,"/home/Adat/Code/WebDev/React/Sorters/algos/selection.js": {"path":"/home/Adat/Code/WebDev/React/Sorters/algos/selection.js","statementMap":{"0":{"start":{"line":1,"column":17},"end":{"line":19,"column":1}}},"fnMap":{},"branchMap":{},"s":{"0":1},"f":{},"b":{},"_coverageSchema":"43e27e138ebf9cfc5966b082cf9a028302ed4184","hash":"52f5c63bb78dc6250ae5892382d2413d819ce4d9"}
,"/home/Adat/Code/WebDev/React/Sorters/workers/algosBundle.js": {"path":"/home/Adat/Code/WebDev/React/Sorters/workers/algosBundle.js","statementMap":{"0":{"start":{"line":2,"column":16},"end":{"line":2,"column":37}},"1":{"start":{"line":3,"column":18},"end":{"line":3,"column":38}},"2":{"start":{"line":4,"column":23},"end":{"line":4,"column":24}},"3":{"start":{"line":5,"column":14},"end":{"line":5,"column":45}},"4":{"start":{"line":6,"column":19},"end":{"line":23,"column":4}},"5":{"start":{"line":7,"column":21},"end":{"line":7,"column":69}},"6":{"start":{"line":8,"column":4},"end":{"line":21,"column":5}},"7":{"start":{"line":9,"column":8},"end":{"line":12,"column":8}},"8":{"start":{"line":10,"column":11},"end":{"line":10,"column":86}},"9":{"start":{"line":11,"column":11},"end":{"line":11,"column":39}},"10":{"start":{"line":13,"column":11},"end":{"line":21,"column":5}},"11":{"start":{"line":14,"column":8},"end":{"line":14,"column":29}},"12":{"start":{"line":15,"column":8},"end":{"line":15,"column":36}},"13":{"start":{"line":17,"column":8},"end":{"line":20,"column":9}},"14":{"start":{"line":18,"column":10},"end":{"line":18,"column":85}},"15":{"start":{"line":19,"column":10},"end":{"line":19,"column":38}},"16":{"start":{"line":22,"column":4},"end":{"line":22,"column":30}},"17":{"start":{"line":25,"column":2},"end":{"line":25,"column":24}},"18":{"start":{"line":30,"column":14},"end":{"line":30,"column":26}},"19":{"start":{"line":31,"column":16},"end":{"line":31,"column":20}},"20":{"start":{"line":32,"column":10},"end":{"line":32,"column":11}},"21":{"start":{"line":34,"column":2},"end":{"line":44,"column":3}},"22":{"start":{"line":35,"column":4},"end":{"line":35,"column":20}},"23":{"start":{"line":37,"column":4},"end":{"line":42,"column":5}},"24":{"start":{"line":37,"column":17},"end":{"line":37,"column":18}},"25":{"start":{"line":38,"column":6},"end":{"line":41,"column":7}},"26":{"start":{"line":39,"column":8},"end":{"line":39,"column":56}},"27":{"start":{"line":40,"column":8},"end":{"line":40,"column":23}},"28":{"start":{"line":43,"column":4},"end":{"line":43,"column":8}},"29":{"start":{"line":46,"column":2},"end":{"line":46,"column":14}},"30":{"start":{"line":51,"column":2},"end":{"line":51,"column":30}},"31":{"start":{"line":51,"column":23},"end":{"line":51,"column":28}},"32":{"start":{"line":52,"column":2},"end":{"line":52,"column":15}},"33":{"start":{"line":57,"column":17},"end":{"line":57,"column":29}},"34":{"start":{"line":58,"column":2},"end":{"line":58,"column":31}},"35":{"start":{"line":58,"column":18},"end":{"line":58,"column":31}},"36":{"start":{"line":60,"column":18},"end":{"line":67,"column":3}},"37":{"start":{"line":61,"column":19},"end":{"line":61,"column":27}},"38":{"start":{"line":63,"column":4},"end":{"line":65,"column":5}},"39":{"start":{"line":63,"column":17},"end":{"line":63,"column":18}},"40":{"start":{"line":64,"column":6},"end":{"line":64,"column":51}},"41":{"start":{"line":64,"column":31},"end":{"line":64,"column":51}},"42":{"start":{"line":66,"column":4},"end":{"line":66,"column":20}},"43":{"start":{"line":69,"column":19},"end":{"line":69,"column":41}},"44":{"start":{"line":70,"column":17},"end":{"line":70,"column":40}},"45":{"start":{"line":71,"column":2},"end":{"line":74,"column":3}},"46":{"start":{"line":71,"column":15},"end":{"line":71,"column":16}},"47":{"start":{"line":72,"column":4},"end":{"line":72,"column":48}},"48":{"start":{"line":72,"column":27},"end":{"line":72,"column":48}},"49":{"start":{"line":73,"column":4},"end":{"line":73,"column":22}},"50":{"start":{"line":76,"column":18},"end":{"line":76,"column":31}},"51":{"start":{"line":77,"column":20},"end":{"line":77,"column":21}},"52":{"start":{"line":78,"column":2},"end":{"line":83,"column":3}},"53":{"start":{"line":78,"column":15},"end":{"line":78,"column":16}},"54":{"start":{"line":79,"column":4},"end":{"line":82,"column":5}},"55":{"start":{"line":80,"column":6},"end":{"line":80,"column":31}},"56":{"start":{"line":81,"column":6},"end":{"line":81,"column":18}},"57":{"start":{"line":84,"column":2},"end":{"line":84,"column":15}},"58":{"start":{"line":90,"column":17},"end":{"line":90,"column":29}},"59":{"start":{"line":92,"column":18},"end":{"line":104,"column":3}},"60":{"start":{"line":93,"column":15},"end":{"line":93,"column":19}},"61":{"start":{"line":94,"column":18},"end":{"line":94,"column":32}},"62":{"start":{"line":95,"column":19},"end":{"line":95,"column":33}},"63":{"start":{"line":97,"column":4},"end":{"line":97,"column":67}},"64":{"start":{"line":97,"column":54},"end":{"line":97,"column":67}},"65":{"start":{"line":98,"column":4},"end":{"line":98,"column":70}},"66":{"start":{"line":98,"column":56},"end":{"line":98,"column":70}},"67":{"start":{"line":100,"column":4},"end":{"line":103,"column":5}},"68":{"start":{"line":101,"column":6},"end":{"line":101,"column":54}},"69":{"start":{"line":102,"column":6},"end":{"line":102,"column":35}},"70":{"start":{"line":106,"column":23},"end":{"line":110,"column":3}},"71":{"start":{"line":107,"column":4},"end":{"line":109,"column":5}},"72":{"start":{"line":107,"column":17},"end":{"line":107,"column":41}},"73":{"start":{"line":108,"column":6},"end":{"line":108,"column":32}},"74":{"start":{"line":111,"column":2},"end":{"line":111,"column":22}},"75":{"start":{"line":113,"column":2},"end":{"line":117,"column":3}},"76":{"start":{"line":114,"column":4},"end":{"line":114,"column":15}},"77":{"start":{"line":115,"column":4},"end":{"line":115,"column":62}},"78":{"start":{"line":116,"column":4},"end":{"line":116,"column":32}},"79":{"start":{"line":118,"column":2},"end":{"line":118,"column":15}},"80":{"start":{"line":123,"column":14},"end":{"line":123,"column":26}},"81":{"start":{"line":126,"column":2},"end":{"line":133,"column":3}},"82":{"start":{"line":126,"column":15},"end":{"line":126,"column":16}},"83":{"start":{"line":127,"column":4},"end":{"line":127,"column":12}},"84":{"start":{"line":129,"column":4},"end":{"line":132,"column":5}},"85":{"start":{"line":130,"column":6},"end":{"line":130,"column":62}},"86":{"start":{"line":131,"column":6},"end":{"line":131,"column":12}},"87":{"start":{"line":138,"column":16},"end":{"line":149,"column":3}},"88":{"start":{"line":139,"column":17},"end":{"line":139,"column":19}},"89":{"start":{"line":141,"column":4},"end":{"line":143,"column":5}},"90":{"start":{"line":142,"column":6},"end":{"line":142,"column":80}},"91":{"start":{"line":145,"column":4},"end":{"line":145,"column":50}},"92":{"start":{"line":145,"column":21},"end":{"line":145,"column":50}},"93":{"start":{"line":146,"column":4},"end":{"line":146,"column":50}},"94":{"start":{"line":146,"column":21},"end":{"line":146,"column":50}},"95":{"start":{"line":148,"column":4},"end":{"line":148,"column":18}},"96":{"start":{"line":151,"column":15},"end":{"line":164,"column":3}},"97":{"start":{"line":152,"column":20},"end":{"line":152,"column":32}},"98":{"start":{"line":154,"column":4},"end":{"line":154,"column":35}},"99":{"start":{"line":154,"column":22},"end":{"line":154,"column":35}},"100":{"start":{"line":156,"column":24},"end":{"line":156,"column":47}},"101":{"start":{"line":157,"column":22},"end":{"line":157,"column":49}},"102":{"start":{"line":158,"column":23},"end":{"line":158,"column":56}},"103":{"start":{"line":160,"column":28},"end":{"line":160,"column":43}},"104":{"start":{"line":161,"column":29},"end":{"line":161,"column":45}},"105":{"start":{"line":163,"column":4},"end":{"line":163,"column":52}},"106":{"start":{"line":165,"column":2},"end":{"line":165,"column":21}},"107":{"start":{"line":170,"column":15},"end":{"line":172,"column":3}},"108":{"start":{"line":171,"column":4},"end":{"line":171,"column":66}},"109":{"start":{"line":174,"column":20},"end":{"line":187,"column":3}},"110":{"start":{"line":175,"column":21},"end":{"line":175,"column":33}},"111":{"start":{"line":176,"column":16},"end":{"line":176,"column":20}},"112":{"start":{"line":178,"column":4},"end":{"line":183,"column":5}},"113":{"start":{"line":178,"column":17},"end":{"line":178,"column":21}},"114":{"start":{"line":179,"column":6},"end":{"line":182,"column":7}},"115":{"start":{"line":180,"column":8},"end":{"line":180,"column":39}},"116":{"start":{"line":180,"column":24},"end":{"line":180,"column":39}},"117":{"start":{"line":181,"column":8},"end":{"line":181,"column":16}},"118":{"start":{"line":184,"column":4},"end":{"line":184,"column":23}},"119":{"start":{"line":186,"column":4},"end":{"line":186,"column":17}},"120":{"start":{"line":189,"column":16},"end":{"line":195,"column":3}},"121":{"start":{"line":190,"column":4},"end":{"line":194,"column":5}},"122":{"start":{"line":191,"column":20},"end":{"line":191,"column":42}},"123":{"start":{"line":192,"column":6},"end":{"line":192,"column":36}},"124":{"start":{"line":193,"column":6},"end":{"line":193,"column":37}},"125":{"start":{"line":196,"column":2},"end":{"line":196,"column":15}},"126":{"start":{"line":201,"column":14},"end":{"line":201,"column":26}},"127":{"start":{"line":204,"column":6},"end":{"line":215,"column":7}},"128":{"start":{"line":204,"column":19},"end":{"line":204,"column":20}},"129":{"start":{"line":205,"column":8},"end":{"line":205,"column":21}},"130":{"start":{"line":206,"column":8},"end":{"line":210,"column":9}},"131":{"start":{"line":206,"column":21},"end":{"line":206,"column":26}},"132":{"start":{"line":207,"column":10},"end":{"line":209,"column":11}},"133":{"start":{"line":208,"column":12},"end":{"line":208,"column":25}},"134":{"start":{"line":212,"column":8},"end":{"line":214,"column":9}},"135":{"start":{"line":213,"column":10},"end":{"line":213,"column":68}}},"fnMap":{"0":{"name":"arrCreator","decl":{"start":{"line":1,"column":16},"end":{"line":1,"column":26}},"loc":{"start":{"line":1,"column":54},"end":{"line":26,"column":1}},"line":1},"1":{"name":"(anonymous_1)","decl":{"start":{"line":6,"column":27},"end":{"line":6,"column":28}},"loc":{"start":{"line":6,"column":43},"end":{"line":23,"column":3}},"line":6},"2":{"name":"bubble","decl":{"start":{"line":29,"column":16},"end":{"line":29,"column":22}},"loc":{"start":{"line":29,"column":30},"end":{"line":47,"column":1}},"line":29},"3":{"name":"builtin","decl":{"start":{"line":50,"column":16},"end":{"line":50,"column":23}},"loc":{"start":{"line":50,"column":31},"end":{"line":53,"column":1}},"line":50},"4":{"name":"(anonymous_4)","decl":{"start":{"line":51,"column":13},"end":{"line":51,"column":14}},"loc":{"start":{"line":51,"column":23},"end":{"line":51,"column":28}},"line":51},"5":{"name":"count","decl":{"start":{"line":56,"column":16},"end":{"line":56,"column":21}},"loc":{"start":{"line":56,"column":29},"end":{"line":85,"column":1}},"line":56},"6":{"name":"(anonymous_6)","decl":{"start":{"line":60,"column":18},"end":{"line":60,"column":19}},"loc":{"start":{"line":60,"column":37},"end":{"line":67,"column":3}},"line":60},"7":{"name":"heap","decl":{"start":{"line":89,"column":16},"end":{"line":89,"column":20}},"loc":{"start":{"line":89,"column":28},"end":{"line":119,"column":1}},"line":89},"8":{"name":"(anonymous_8)","decl":{"start":{"line":92,"column":18},"end":{"line":92,"column":19}},"loc":{"start":{"line":92,"column":43},"end":{"line":104,"column":3}},"line":92},"9":{"name":"(anonymous_9)","decl":{"start":{"line":106,"column":23},"end":{"line":106,"column":24}},"loc":{"start":{"line":106,"column":32},"end":{"line":110,"column":3}},"line":106},"10":{"name":"insertion","decl":{"start":{"line":122,"column":16},"end":{"line":122,"column":25}},"loc":{"start":{"line":122,"column":33},"end":{"line":134,"column":1}},"line":122},"11":{"name":"merge","decl":{"start":{"line":137,"column":16},"end":{"line":137,"column":21}},"loc":{"start":{"line":137,"column":29},"end":{"line":166,"column":1}},"line":137},"12":{"name":"(anonymous_12)","decl":{"start":{"line":138,"column":16},"end":{"line":138,"column":17}},"loc":{"start":{"line":138,"column":32},"end":{"line":149,"column":3}},"line":138},"13":{"name":"(anonymous_13)","decl":{"start":{"line":151,"column":15},"end":{"line":151,"column":16}},"loc":{"start":{"line":151,"column":26},"end":{"line":164,"column":3}},"line":151},"14":{"name":"quick","decl":{"start":{"line":169,"column":16},"end":{"line":169,"column":21}},"loc":{"start":{"line":169,"column":29},"end":{"line":197,"column":1}},"line":169},"15":{"name":"(anonymous_15)","decl":{"start":{"line":170,"column":15},"end":{"line":170,"column":16}},"loc":{"start":{"line":170,"column":34},"end":{"line":172,"column":3}},"line":170},"16":{"name":"(anonymous_16)","decl":{"start":{"line":174,"column":20},"end":{"line":174,"column":21}},"loc":{"start":{"line":174,"column":37},"end":{"line":187,"column":3}},"line":174},"17":{"name":"(anonymous_17)","decl":{"start":{"line":189,"column":16},"end":{"line":189,"column":17}},"loc":{"start":{"line":189,"column":59},"end":{"line":195,"column":3}},"line":189},"18":{"name":"selection","decl":{"start":{"line":200,"column":16},"end":{"line":200,"column":25}},"loc":{"start":{"line":200,"column":33},"end":{"line":216,"column":1}},"line":200}},"branchMap":{"0":{"loc":{"start":{"line":8,"column":4},"end":{"line":21,"column":5}},"type":"if","locations":[{"start":{"line":8,"column":4},"end":{"line":21,"column":5}},{"start":{"line":8,"column":4},"end":{"line":21,"column":5}}],"line":8},"1":{"loc":{"start":{"line":9,"column":8},"end":{"line":12,"column":8}},"type":"if","locations":[{"start":{"line":9,"column":8},"end":{"line":12,"column":8}},{"start":{"line":9,"column":8},"end":{"line":12,"column":8}}],"line":9},"2":{"loc":{"start":{"line":10,"column":11},"end":{"line":10,"column":85}},"type":"cond-expr","locations":[{"start":{"line":10,"column":42},"end":{"line":10,"column":62}},{"start":{"line":10,"column":65},"end":{"line":10,"column":85}}],"line":10},"3":{"loc":{"start":{"line":13,"column":11},"end":{"line":21,"column":5}},"type":"if","locations":[{"start":{"line":13,"column":11},"end":{"line":21,"column":5}},{"start":{"line":13,"column":11},"end":{"line":21,"column":5}}],"line":13},"4":{"loc":{"start":{"line":17,"column":8},"end":{"line":20,"column":9}},"type":"if","locations":[{"start":{"line":17,"column":8},"end":{"line":20,"column":9}},{"start":{"line":17,"column":8},"end":{"line":20,"column":9}}],"line":17},"5":{"loc":{"start":{"line":18,"column":10},"end":{"line":18,"column":84}},"type":"cond-expr","locations":[{"start":{"line":18,"column":41},"end":{"line":18,"column":61}},{"start":{"line":18,"column":64},"end":{"line":18,"column":84}}],"line":18},"6":{"loc":{"start":{"line":38,"column":6},"end":{"line":41,"column":7}},"type":"if","locations":[{"start":{"line":38,"column":6},"end":{"line":41,"column":7}},{"start":{"line":38,"column":6},"end":{"line":41,"column":7}}],"line":38},"7":{"loc":{"start":{"line":58,"column":2},"end":{"line":58,"column":31}},"type":"if","locations":[{"start":{"line":58,"column":2},"end":{"line":58,"column":31}},{"start":{"line":58,"column":2},"end":{"line":58,"column":31}}],"line":58},"8":{"loc":{"start":{"line":64,"column":6},"end":{"line":64,"column":51}},"type":"if","locations":[{"start":{"line":64,"column":6},"end":{"line":64,"column":51}},{"start":{"line":64,"column":6},"end":{"line":64,"column":51}}],"line":64},"9":{"loc":{"start":{"line":72,"column":4},"end":{"line":72,"column":48}},"type":"if","locations":[{"start":{"line":72,"column":4},"end":{"line":72,"column":48}},{"start":{"line":72,"column":4},"end":{"line":72,"column":48}}],"line":72},"10":{"loc":{"start":{"line":97,"column":4},"end":{"line":97,"column":67}},"type":"if","locations":[{"start":{"line":97,"column":4},"end":{"line":97,"column":67}},{"start":{"line":97,"column":4},"end":{"line":97,"column":67}}],"line":97},"11":{"loc":{"start":{"line":97,"column":8},"end":{"line":97,"column":52}},"type":"binary-expr","locations":[{"start":{"line":97,"column":8},"end":{"line":97,"column":24}},{"start":{"line":97,"column":29},"end":{"line":97,"column":51}}],"line":97},"12":{"loc":{"start":{"line":98,"column":4},"end":{"line":98,"column":70}},"type":"if","locations":[{"start":{"line":98,"column":4},"end":{"line":98,"column":70}},{"start":{"line":98,"column":4},"end":{"line":98,"column":70}}],"line":98},"13":{"loc":{"start":{"line":98,"column":8},"end":{"line":98,"column":54}},"type":"binary-expr","locations":[{"start":{"line":98,"column":8},"end":{"line":98,"column":25}},{"start":{"line":98,"column":30},"end":{"line":98,"column":53}}],"line":98},"14":{"loc":{"start":{"line":100,"column":4},"end":{"line":103,"column":5}},"type":"if","locations":[{"start":{"line":100,"column":4},"end":{"line":103,"column":5}},{"start":{"line":100,"column":4},"end":{"line":103,"column":5}}],"line":100},"15":{"loc":{"start":{"line":129,"column":11},"end":{"line":129,"column":51}},"type":"binary-expr","locations":[{"start":{"line":129,"column":12},"end":{"line":129,"column":19}},{"start":{"line":129,"column":25},"end":{"line":129,"column":50}}],"line":129},"16":{"loc":{"start":{"line":141,"column":11},"end":{"line":141,"column":37}},"type":"binary-expr","locations":[{"start":{"line":141,"column":11},"end":{"line":141,"column":22}},{"start":{"line":141,"column":26},"end":{"line":141,"column":37}}],"line":141},"17":{"loc":{"start":{"line":142,"column":6},"end":{"line":142,"column":79}},"type":"cond-expr","locations":[{"start":{"line":142,"column":26},"end":{"line":142,"column":51}},{"start":{"line":142,"column":54},"end":{"line":142,"column":79}}],"line":142},"18":{"loc":{"start":{"line":145,"column":4},"end":{"line":145,"column":50}},"type":"if","locations":[{"start":{"line":145,"column":4},"end":{"line":145,"column":50}},{"start":{"line":145,"column":4},"end":{"line":145,"column":50}}],"line":145},"19":{"loc":{"start":{"line":146,"column":4},"end":{"line":146,"column":50}},"type":"if","locations":[{"start":{"line":146,"column":4},"end":{"line":146,"column":50}},{"start":{"line":146,"column":4},"end":{"line":146,"column":50}}],"line":146},"20":{"loc":{"start":{"line":154,"column":4},"end":{"line":154,"column":35}},"type":"if","locations":[{"start":{"line":154,"column":4},"end":{"line":154,"column":35}},{"start":{"line":154,"column":4},"end":{"line":154,"column":35}}],"line":154},"21":{"loc":{"start":{"line":179,"column":6},"end":{"line":182,"column":7}},"type":"if","locations":[{"start":{"line":179,"column":6},"end":{"line":182,"column":7}},{"start":{"line":179,"column":6},"end":{"line":182,"column":7}}],"line":179},"22":{"loc":{"start":{"line":180,"column":8},"end":{"line":180,"column":39}},"type":"if","locations":[{"start":{"line":180,"column":8},"end":{"line":180,"column":39}},{"start":{"line":180,"column":8},"end":{"line":180,"column":39}}],"line":180},"23":{"loc":{"start":{"line":189,"column":24},"end":{"line":189,"column":30}},"type":"default-arg","locations":[{"start":{"line":189,"column":29},"end":{"line":189,"column":30}}],"line":189},"24":{"loc":{"start":{"line":189,"column":32},"end":{"line":189,"column":54}},"type":"default-arg","locations":[{"start":{"line":189,"column":39},"end":{"line":189,"column":53}}],"line":189},"25":{"loc":{"start":{"line":190,"column":4},"end":{"line":194,"column":5}},"type":"if","locations":[{"start":{"line":190,"column":4},"end":{"line":194,"column":5}},{"start":{"line":190,"column":4},"end":{"line":194,"column":5}}],"line":190},"26":{"loc":{"start":{"line":207,"column":10},"end":{"line":209,"column":11}},"type":"if","locations":[{"start":{"line":207,"column":10},"end":{"line":209,"column":11}},{"start":{"line":207,"column":10},"end":{"line":209,"column":11}}],"line":207},"27":{"loc":{"start":{"line":212,"column":8},"end":{"line":214,"column":9}},"type":"if","locations":[{"start":{"line":212,"column":8},"end":{"line":214,"column":9}},{"start":{"line":212,"column":8},"end":{"line":214,"column":9}}],"line":212}},"s":{"0":7,"1":7,"2":7,"3":7,"4":7,"5":1123110,"6":1123110,"7":1112000,"8":30,"9":30,"10":11110,"11":110,"12":110,"13":11000,"14":8,"15":8,"16":1123110,"17":7,"18":1,"19":1,"20":1,"21":1,"22":11838,"23":11838,"24":11838,"25":71980959,"26":36382786,"27":36382786,"28":11838,"29":1,"30":1,"31":146779,"32":1,"33":1,"34":1,"35":0,"36":1,"37":1,"38":1,"39":1,"40":11999,"41":10,"42":1,"43":1,"44":1,"45":1,"46":1,"47":12000,"48":11292,"49":12000,"50":1,"51":1,"52":1,"53":1,"54":99998,"55":12000,"56":12000,"57":1,"58":1,"59":1,"60":158220,"61":158220,"62":158220,"63":158220,"64":136567,"65":158220,"66":67778,"67":158220,"68":140220,"69":140220,"70":1,"71":1,"72":1,"73":6001,"74":1,"75":1,"76":11999,"77":11999,"78":11999,"79":1,"80":1,"81":1,"82":1,"83":12000,"84":12000,"85":36382786,"86":36382786,"87":1,"88":11999,"89":11999,"90":147588,"91":11999,"92":5252,"93":11999,"94":6747,"95":11999,"96":1,"97":23999,"98":23999,"99":12000,"100":11999,"101":11999,"102":11999,"103":11999,"104":11999,"105":11999,"106":1,"107":1,"108":91757,"109":1,"110":8001,"111":8001,"112":8001,"113":8001,"114":192476,"115":95938,"116":83756,"117":95938,"118":8001,"119":8001,"120":1,"121":16003,"122":8001,"123":8001,"124":8001,"125":1,"126":1,"127":1,"128":1,"129":11999,"130":11999,"131":11999,"132":71994000,"133":95514,"134":11999,"135":11995},"f":{"0":7,"1":1123110,"2":1,"3":1,"4":146779,"5":1,"6":1,"7":1,"8":158220,"9":1,"10":1,"11":1,"12":11999,"13":23999,"14":1,"15":91757,"16":8001,"17":16003,"18":1},"b":{"0":[1112000,11110],"1":[30,1111970],"2":[3,27],"3":[110,11000],"4":[8,10992],"5":[2,6],"6":[36382786,35598173],"7":[0,1],"8":[10,11989],"9":[11292,708],"10":[136567,21653],"11":[158220,144528],"12":[67778,90442],"13":[158220,144517],"14":[140220,18000],"15":[36394786,36394778],"16":[159587,152840],"17":[72850,74738],"18":[5252,6747],"19":[6747,5252],"20":[12000,11999],"21":[95938,96538],"22":[83756,12182],"23":[1],"24":[1],"25":[8001,8002],"26":[95514,71898486],"27":[11995,4]},"_coverageSchema":"43e27e138ebf9cfc5966b082cf9a028302ed4184","hash":"8210fd74061aba98627ddf2dfb613500ad93e016"}
}
