TN:
SF:/home/lubuntu/Documents/Sorters/algos/bubble.js
FNF:0
FNH:0
DA:1,1
LF:1
LH:1
BRF:0
BRH:0
end_of_record
TN:
SF:/home/lubuntu/Documents/Sorters/algos/builtin.js
FNF:0
FNH:0
DA:1,1
LF:1
LH:1
BRF:0
BRH:0
end_of_record
TN:
SF:/home/lubuntu/Documents/Sorters/algos/count.js
FNF:0
FNH:0
DA:1,1
LF:1
LH:1
BRF:0
BRH:0
end_of_record
TN:
SF:/home/lubuntu/Documents/Sorters/algos/heap.js
FNF:0
FNH:0
DA:1,1
LF:1
LH:1
BRF:0
BRH:0
end_of_record
TN:
SF:/home/lubuntu/Documents/Sorters/algos/insertion.js
FNF:0
FNH:0
DA:1,1
LF:1
LH:1
BRF:0
BRH:0
end_of_record
TN:
SF:/home/lubuntu/Documents/Sorters/algos/merge.js
FNF:0
FNH:0
DA:1,1
LF:1
LH:1
BRF:0
BRH:0
end_of_record
TN:
SF:/home/lubuntu/Documents/Sorters/algos/quick.js
FNF:0
FNH:0
DA:1,1
LF:1
LH:1
BRF:0
BRH:0
end_of_record
TN:
SF:/home/lubuntu/Documents/Sorters/algos/selection.js
FNF:0
FNH:0
DA:1,1
LF:1
LH:1
BRF:0
BRH:0
end_of_record
TN:
SF:/home/lubuntu/Documents/Sorters/workers/algosBundle.js
FN:1,arrCreator
FN:6,(anonymous_1)
FN:29,bubble
FN:50,builtin
FN:51,(anonymous_4)
FN:56,count
FN:60,(anonymous_6)
FN:89,heap
FN:92,(anonymous_8)
FN:106,(anonymous_9)
FN:122,insertion
FN:137,merge
FN:138,(anonymous_12)
FN:151,(anonymous_13)
FN:169,quick
FN:170,(anonymous_15)
FN:174,(anonymous_16)
FN:189,(anonymous_17)
FN:200,selection
FNF:19
FNH:19
FNDA:7,arrCreator
FNDA:1123110,(anonymous_1)
FNDA:1,bubble
FNDA:1,builtin
FNDA:146749,(anonymous_4)
FNDA:1,count
FNDA:1,(anonymous_6)
FNDA:1,heap
FNDA:158307,(anonymous_8)
FNDA:1,(anonymous_9)
FNDA:1,insertion
FNDA:1,merge
FNDA:11999,(anonymous_12)
FNDA:23999,(anonymous_13)
FNDA:1,quick
FNDA:106749,(anonymous_15)
FNDA:7982,(anonymous_16)
FNDA:15965,(anonymous_17)
FNDA:1,selection
DA:2,7
DA:3,7
DA:4,7
DA:5,7
DA:6,7
DA:7,1123110
DA:8,1123110
DA:9,1112000
DA:10,30
DA:11,30
DA:13,11110
DA:14,110
DA:15,110
DA:17,11000
DA:18,8
DA:19,8
DA:22,1123110
DA:25,7
DA:30,1
DA:31,1
DA:32,1
DA:34,1
DA:35,11686
DA:37,11686
DA:38,71944859
DA:39,36235766
DA:40,36235766
DA:43,11686
DA:46,1
DA:51,146749
DA:52,1
DA:57,1
DA:58,1
DA:60,1
DA:61,1
DA:63,1
DA:64,11999
DA:66,1
DA:69,1
DA:70,1
DA:71,1
DA:72,12000
DA:73,12000
DA:76,1
DA:77,1
DA:78,1
DA:79,100000
DA:80,12000
DA:81,12000
DA:84,1
DA:90,1
DA:92,1
DA:93,158307
DA:94,158307
DA:95,158307
DA:97,158307
DA:98,158307
DA:100,158307
DA:101,140307
DA:102,140307
DA:106,1
DA:107,1
DA:108,6001
DA:111,1
DA:113,1
DA:114,11999
DA:115,11999
DA:116,11999
DA:118,1
DA:123,1
DA:126,1
DA:127,12000
DA:129,12000
DA:130,36235766
DA:131,36235766
DA:138,1
DA:139,11999
DA:141,11999
DA:142,147631
DA:145,11999
DA:146,11999
DA:148,11999
DA:151,1
DA:152,23999
DA:154,23999
DA:156,11999
DA:157,11999
DA:158,11999
DA:160,11999
DA:161,11999
DA:163,11999
DA:165,1
DA:170,1
DA:171,106749
DA:174,1
DA:175,7982
DA:176,7982
DA:178,7982
DA:179,210014
DA:180,111321
DA:181,111321
DA:184,7982
DA:186,7982
DA:189,1
DA:190,15965
DA:191,7982
DA:192,7982
DA:193,7982
DA:196,1
DA:201,1
DA:204,1
DA:205,11999
DA:206,11999
DA:207,71994000
DA:208,93707
DA:212,11999
DA:213,11989
LF:117
LH:117
BRDA:8,0,0,1112000
BRDA:8,0,1,11110
BRDA:9,1,0,30
BRDA:9,1,1,1111970
BRDA:10,2,0,3
BRDA:10,2,1,27
BRDA:13,3,0,110
BRDA:13,3,1,11000
BRDA:17,4,0,8
BRDA:17,4,1,10992
BRDA:18,5,0,2
BRDA:18,5,1,6
BRDA:38,6,0,36235766
BRDA:38,6,1,35709093
BRDA:58,7,0,0
BRDA:58,7,1,1
BRDA:64,8,0,18
BRDA:64,8,1,11981
BRDA:72,9,0,11282
BRDA:72,9,1,718
BRDA:97,10,0,136666
BRDA:97,10,1,21641
BRDA:97,11,0,158307
BRDA:97,11,1,144536
BRDA:98,12,0,67791
BRDA:98,12,1,90516
BRDA:98,13,0,158307
BRDA:98,13,1,144526
BRDA:100,14,0,140307
BRDA:100,14,1,18000
BRDA:129,15,0,36247766
BRDA:129,15,1,36247759
BRDA:141,16,0,159630
BRDA:141,16,1,152879
BRDA:142,17,0,72802
BRDA:142,17,1,74829
BRDA:145,18,0,5248
BRDA:145,18,1,6751
BRDA:146,19,0,6751
BRDA:146,19,1,5248
BRDA:154,20,0,12000
BRDA:154,20,1,11999
BRDA:179,21,0,111321
BRDA:179,21,1,98693
BRDA:180,22,0,98767
BRDA:180,22,1,12554
BRDA:189,23,0,1
BRDA:189,24,0,1
BRDA:190,25,0,7982
BRDA:190,25,1,7983
BRDA:207,26,0,93707
BRDA:207,26,1,71900293
BRDA:212,27,0,11989
BRDA:212,27,1,10
BRF:54
BRH:53
end_of_record
